<?xml version="1.0" encoding="UTF-8"?>
<testng-results skipped="0" failed="0" ignored="0" total="2" passed="2">
  <reporter-output>
  </reporter-output>
  <suite name="Default suite" duration-ms="63" started-at="2017-02-06T07:56:40Z" finished-at="2017-02-06T07:56:40Z">
    <groups>
      <group name="gr">
        <method signature="TestNG2.test2()[pri:0, instance:com.Study.ClassAndObject.TestNG2@6d78f375]" name="test2" class="com.Study.ClassAndObject.TestNG2"/>
      </group> <!-- gr -->
    </groups>
    <test name="Default test" duration-ms="63" started-at="2017-02-06T07:56:40Z" finished-at="2017-02-06T07:56:40Z">
      <class name="com.Study.ClassAndObject.TestNG2">
        <test-method status="PASS" signature="beforesuite()[pri:0, instance:com.Study.ClassAndObject.TestNG2@6d78f375]" name="beforesuite" is-config="true" duration-ms="8" started-at="2017-02-06T15:56:40Z" finished-at="2017-02-06T15:56:40Z">
          <reporter-output>
          </reporter-output>
        </test-method> <!-- beforesuite -->
        <test-method status="PASS" signature="beforetest()[pri:0, instance:com.Study.ClassAndObject.TestNG2@6d78f375]" name="beforetest" is-config="true" duration-ms="0" started-at="2017-02-06T15:56:40Z" finished-at="2017-02-06T15:56:40Z">
          <reporter-output>
          </reporter-output>
        </test-method> <!-- beforetest -->
        <test-method status="PASS" signature="beforeclass()[pri:0, instance:com.Study.ClassAndObject.TestNG2@6d78f375]" name="beforeclass" is-config="true" duration-ms="0" started-at="2017-02-06T15:56:40Z" finished-at="2017-02-06T15:56:40Z">
          <reporter-output>
          </reporter-output>
        </test-method> <!-- beforeclass -->
        <test-method status="PASS" signature="beforemethod()[pri:0, instance:com.Study.ClassAndObject.TestNG2@6d78f375]" name="beforemethod" is-config="true" duration-ms="2" started-at="2017-02-06T15:56:40Z" finished-at="2017-02-06T15:56:40Z">
          <reporter-output>
          </reporter-output>
        </test-method> <!-- beforemethod -->
        <test-method status="PASS" signature="test1()[pri:0, instance:com.Study.ClassAndObject.TestNG2@6d78f375]" name="test1" duration-ms="10" started-at="2017-02-06T15:56:40Z" finished-at="2017-02-06T15:56:40Z">
          <reporter-output>
          </reporter-output>
        </test-method> <!-- test1 -->
        <test-method status="PASS" signature="aftertmethod()[pri:0, instance:com.Study.ClassAndObject.TestNG2@6d78f375]" name="aftertmethod" is-config="true" duration-ms="1" started-at="2017-02-06T15:56:40Z" finished-at="2017-02-06T15:56:40Z">
          <reporter-output>
          </reporter-output>
        </test-method> <!-- aftertmethod -->
        <test-method status="PASS" signature="beforemethod()[pri:0, instance:com.Study.ClassAndObject.TestNG2@6d78f375]" name="beforemethod" is-config="true" duration-ms="1" started-at="2017-02-06T15:56:40Z" finished-at="2017-02-06T15:56:40Z">
          <reporter-output>
          </reporter-output>
        </test-method> <!-- beforemethod -->
        <test-method status="PASS" signature="test2()[pri:0, instance:com.Study.ClassAndObject.TestNG2@6d78f375]" name="test2" duration-ms="9" started-at="2017-02-06T15:56:40Z" finished-at="2017-02-06T15:56:40Z">
          <reporter-output>
          </reporter-output>
        </test-method> <!-- test2 -->
        <test-method status="PASS" signature="aftertmethod()[pri:0, instance:com.Study.ClassAndObject.TestNG2@6d78f375]" name="aftertmethod" is-config="true" duration-ms="0" started-at="2017-02-06T15:56:40Z" finished-at="2017-02-06T15:56:40Z">
          <reporter-output>
          </reporter-output>
        </test-method> <!-- aftertmethod -->
        <test-method status="PASS" signature="aftertclass()[pri:0, instance:com.Study.ClassAndObject.TestNG2@6d78f375]" name="aftertclass" is-config="true" duration-ms="4" started-at="2017-02-06T15:56:40Z" finished-at="2017-02-06T15:56:40Z">
          <reporter-output>
          </reporter-output>
        </test-method> <!-- aftertclass -->
        <test-method status="PASS" signature="AfterTest()[pri:0, instance:com.Study.ClassAndObject.TestNG2@6d78f375]" name="AfterTest" is-config="true" duration-ms="0" started-at="2017-02-06T15:56:40Z" finished-at="2017-02-06T15:56:40Z">
          <reporter-output>
          </reporter-output>
        </test-method> <!-- AfterTest -->
        <test-method status="PASS" signature="aftersuite()[pri:0, instance:com.Study.ClassAndObject.TestNG2@6d78f375]" name="aftersuite" is-config="true" duration-ms="0" started-at="2017-02-06T15:56:40Z" finished-at="2017-02-06T15:56:40Z">
          <reporter-output>
          </reporter-output>
        </test-method> <!-- aftersuite -->
      </class> <!-- com.Study.ClassAndObject.TestNG2 -->
    </test> <!-- Default test -->
  </suite> <!-- Default suite -->
</testng-results>
